INFO:root:Test log entry
2025-12-03 13:31:05,968 INFO: ControllerComm module loaded. Logging initialized.
2025-12-03 13:31:05,981 ERROR: Communications Error (Serial): could not open port 'COM7': FileNotFoundError(2, 'The system cannot find the file specified.', None, 2)
2025-12-03 14:52:34,161 INFO: ControllerComm module loaded. Logging initialized.
2025-12-03 14:52:34,179 INFO: Serial receiver thread started on port COM7
2025-12-03 14:53:51,527 INFO: ControllerComm module loaded. Logging initialized.
2025-12-03 14:53:51,544 INFO: Serial receiver thread started on port COM7
2025-12-03 15:00:47,341 INFO: ControllerComm module loaded. Logging initialized.
2025-12-03 15:00:47,357 INFO: Serial receiver thread started on port COM7
2025-12-03 15:01:25,945 INFO: ControllerComm module loaded. Logging initialized.
2025-12-03 15:01:25,962 INFO: Serial receiver thread started on port COM7
2025-12-03 15:01:41,628 INFO: ControllerComm module loaded. Logging initialized.
2025-12-03 15:01:41,644 INFO: Serial receiver thread started on port COM7
2025-12-03 15:02:42,475 INFO: ControllerComm module loaded. Logging initialized.
2025-12-03 15:02:42,485 ERROR: Communications Error (Serial): could not open port 'COM7': PermissionError(13, 'Access is denied.', None, 5)
2025-12-03 15:03:10,718 INFO: ControllerComm module loaded. Logging initialized.
2025-12-03 15:03:10,727 ERROR: Communications Error (Serial): could not open port 'COM7': PermissionError(13, 'Access is denied.', None, 5)
2025-12-03 15:03:17,784 ERROR: Communications Error (Serial): could not open port 'COM7': PermissionError(13, 'Access is denied.', None, 5)
2025-12-03 15:03:36,677 INFO: ControllerComm module loaded. Logging initialized.
2025-12-03 15:03:36,695 INFO: Serial receiver thread started on port COM7
2025-12-03 15:04:15,139 INFO: ControllerComm module loaded. Logging initialized.
2025-12-03 15:04:15,155 INFO: Serial receiver thread started on port COM7
2025-12-03 15:04:36,609 INFO: ControllerComm module loaded. Logging initialized.
2025-12-03 15:04:36,626 INFO: Serial receiver thread started on port COM7
2025-12-03 15:05:12,991 INFO: ControllerComm module loaded. Logging initialized.
2025-12-03 15:05:13,006 INFO: Serial receiver thread started on port COM7
2025-12-03 15:05:35,556 INFO: ControllerComm module loaded. Logging initialized.
2025-12-03 15:05:35,572 INFO: Serial receiver thread started on port COM7
2025-12-03 15:05:59,225 INFO: ControllerComm module loaded. Logging initialized.
2025-12-03 15:05:59,242 INFO: Serial receiver thread started on port COM7
2025-12-03 15:06:26,541 INFO: ControllerComm module loaded. Logging initialized.
2025-12-03 15:06:26,560 INFO: Serial receiver thread started on port COM7
2025-12-03 15:06:41,120 INFO: ControllerComm module loaded. Logging initialized.
2025-12-03 15:06:41,138 INFO: Serial receiver thread started on port COM7
2025-12-03 15:16:48,815 INFO: ControllerComm module loaded. Logging initialized.
2025-12-03 15:16:48,834 ERROR: Communications Error (Serial): could not open port 'COM7': PermissionError(13, 'Access is denied.', None, 5)
2025-12-03 15:17:15,073 INFO: ControllerComm module loaded. Logging initialized.
2025-12-03 15:17:15,099 INFO: Serial receiver thread started on port COM7
2025-12-03 15:18:19,991 INFO: ControllerComm module loaded. Logging initialized.
2025-12-03 15:18:20,018 INFO: Serial receiver thread started on port COM7
2025-12-03 15:18:38,598 INFO: ControllerComm module loaded. Logging initialized.
2025-12-03 15:18:38,623 INFO: Serial receiver thread started on port COM7
2025-12-03 15:18:54,572 INFO: ControllerComm module loaded. Logging initialized.
2025-12-03 15:18:54,594 INFO: Serial receiver thread started on port COM7
2025-12-03 15:19:12,612 INFO: ControllerComm module loaded. Logging initialized.
2025-12-03 15:19:12,640 INFO: Serial receiver thread started on port COM7
2025-12-03 15:19:32,221 INFO: ControllerComm module loaded. Logging initialized.
2025-12-03 15:19:32,246 INFO: Serial receiver thread started on port COM7
2025-12-03 20:09:25,873 INFO: ControllerComm module loaded. Logging initialized.
2025-12-03 20:09:28,642 INFO: ControllerComm module loaded. Logging initialized.
2025-12-03 20:09:41,792 INFO: ControllerComm module loaded. Logging initialized.
2025-12-03 20:23:11,257 INFO: ControllerComm module loaded. Logging initialized.
2025-12-03 20:23:11,311 INFO: Serial receiver thread started on port COM7
2025-12-03 20:23:28,520 INFO: ControllerComm module loaded. Logging initialized.
2025-12-03 20:23:28,537 INFO: Serial receiver thread started on port COM7
2025-12-03 20:28:24,168 INFO: ControllerComm module loaded. Logging initialized.
2025-12-03 20:29:52,059 INFO: ControllerComm module loaded. Logging initialized.
2025-12-03 20:31:10,099 INFO: ControllerComm module loaded. Logging initialized.
2025-12-03 20:31:10,168 INFO: Serial receiver thread started on port COM7
2025-12-04 07:09:45,948 INFO: ControllerComm module loaded. Logging initialized.
2025-12-04 07:09:46,046 ERROR: Communications Error (Serial): could not open port 'COM7': PermissionError(13, 'Access is denied.', None, 5)
2025-12-04 07:11:05,032 INFO: ControllerComm module loaded. Logging initialized.
2025-12-04 07:11:05,104 INFO: Serial receiver thread started on port COM7
2025-12-04 07:54:53,782 INFO: ControllerComm module loaded. Logging initialized.
2025-12-04 07:54:53,887 INFO: Serial receiver thread started on port COM7
2025-12-04 07:57:31,852 INFO: ControllerComm module loaded. Logging initialized.
2025-12-04 07:57:31,932 INFO: Serial receiver thread started on port COM7
2025-12-04 07:58:38,095 INFO: ControllerComm module loaded. Logging initialized.
2025-12-04 07:58:38,175 INFO: Serial receiver thread started on port COM7
2025-12-04 08:01:01,753 INFO: ControllerComm module loaded. Logging initialized.
2025-12-04 08:01:01,816 INFO: Serial receiver thread started on port COM7
2025-12-04 08:01:58,621 INFO: ControllerComm module loaded. Logging initialized.
2025-12-04 08:01:58,682 INFO: Serial receiver thread started on port COM7
2025-12-04 08:04:42,558 INFO: ControllerComm module loaded. Logging initialized.
2025-12-04 08:04:42,625 INFO: Serial receiver thread started on port COM7
2025-12-04 08:06:17,871 INFO: ControllerComm module loaded. Logging initialized.
2025-12-04 08:06:17,930 INFO: Serial receiver thread started on port COM7
2025-12-04 08:08:16,748 INFO: ControllerComm module loaded. Logging initialized.
2025-12-04 08:08:16,817 INFO: Serial receiver thread started on port COM7
2025-12-04 08:10:36,623 INFO: ControllerComm module loaded. Logging initialized.
2025-12-04 08:10:36,674 INFO: Serial receiver thread started on port COM7
2025-12-04 08:20:24,906 INFO: ControllerComm module loaded. Logging initialized.
2025-12-04 08:20:24,982 INFO: Serial receiver thread started on port COM7
2025-12-04 08:22:34,583 INFO: ControllerComm module loaded. Logging initialized.
2025-12-04 08:22:34,650 INFO: Serial receiver thread started on port COM7
2025-12-04 08:26:40,699 INFO: ControllerComm module loaded. Logging initialized.
2025-12-04 08:26:40,744 INFO: Serial receiver thread started on port COM7
2025-12-04 08:27:34,596 INFO: ControllerComm module loaded. Logging initialized.
2025-12-04 08:27:34,674 INFO: Serial receiver thread started on port COM7
2025-12-04 08:30:13,913 INFO: ControllerComm module loaded. Logging initialized.
2025-12-04 08:30:13,981 INFO: Serial receiver thread started on port COM7
2025-12-04 08:37:37,959 INFO: ControllerComm module loaded. Logging initialized.
2025-12-04 08:37:38,031 INFO: Serial receiver thread started on port COM7
2025-12-04 08:40:25,158 INFO: ControllerComm module loaded. Logging initialized.
2025-12-04 08:40:25,224 INFO: Serial receiver thread started on port COM7
2025-12-04 08:41:04,021 INFO: ControllerComm module loaded. Logging initialized.
2025-12-04 08:41:04,083 INFO: Serial receiver thread started on port COM7
2025-12-04 08:42:31,154 INFO: ControllerComm module loaded. Logging initialized.
2025-12-04 08:42:31,221 INFO: Serial receiver thread started on port COM7
2025-12-04 08:44:24,210 INFO: ControllerComm module loaded. Logging initialized.
2025-12-04 08:44:24,279 INFO: Serial receiver thread started on port COM7
2025-12-04 08:45:26,766 INFO: ControllerComm module loaded. Logging initialized.
2025-12-04 08:45:26,836 INFO: Serial receiver thread started on port COM7
2025-12-04 08:50:07,640 INFO: ControllerComm module loaded. Logging initialized.
2025-12-04 08:50:07,708 INFO: Serial receiver thread started on port COM7
2025-12-04 08:53:07,270 INFO: ControllerComm module loaded. Logging initialized.
2025-12-04 08:53:07,341 INFO: Serial receiver thread started on port COM7
2025-12-04 08:58:59,364 INFO: ControllerComm module loaded. Logging initialized.
2025-12-04 08:58:59,442 INFO: Serial receiver thread started on port COM7
2025-12-04 08:59:05,126 INFO: ControllerComm module loaded. Logging initialized.
2025-12-04 08:59:05,192 INFO: Serial receiver thread started on port COM7
2025-12-04 09:01:18,157 INFO: ControllerComm module loaded. Logging initialized.
2025-12-04 09:01:18,231 INFO: Serial receiver thread started on port COM7
2025-12-04 09:02:35,904 INFO: ControllerComm module loaded. Logging initialized.
2025-12-04 09:02:35,974 INFO: Serial receiver thread started on port COM7
2025-12-04 09:48:05,495 INFO: ControllerComm module loaded. Logging initialized.
2025-12-04 09:48:05,501 ERROR: Communications Error (Serial): serial_config must include 'port' for CommMode2.
2025-12-04 10:31:15,871 INFO: ControllerComm module loaded. Logging initialized.
2025-12-04 10:31:15,928 ERROR: Communications Error (Serial): serial_config must include 'port' for CommMode2.
2025-12-04 10:31:25,453 INFO: ControllerComm module loaded. Logging initialized.
2025-12-04 10:31:25,459 ERROR: Communications Error (Serial): serial_config must include 'port' for CommMode2.
2025-12-04 10:32:35,909 INFO: ControllerComm module loaded. Logging initialized.
2025-12-04 10:32:35,916 ERROR: Communications Error (Serial): serial_config must include 'port' for CommMode2.
2025-12-04 10:33:34,442 INFO: ControllerComm module loaded. Logging initialized.
2025-12-04 10:33:34,530 INFO: Serial receiver thread started on port COM7
